2019-01-04 10:47:25,121 [941] [main] INFO  com.hjzgg.example.springboot.SpringbootApplication[50] - Starting SpringbootApplication on hujunzheng with PID 13524 (E:\study\springboot\target\classes started by hujunzheng in E:\study\springboot)
2019-01-04 10:47:25,126 [946] [main] INFO  com.hjzgg.example.springboot.SpringbootApplication[675] - No active profile set, falling back to default profiles: default
2019-01-04 10:47:26,867 [2687] [main] INFO  org.springframework.boot.web.embedded.tomcat.TomcatWebServer[90] - Tomcat initialized with port(s): 8080 (http)
2019-01-04 10:47:26,879 [2699] [main] INFO  org.apache.coyote.http11.Http11NioProtocol[173] - Initializing ProtocolHandler ["http-nio-8080"]
2019-01-04 10:47:26,888 [2708] [main] INFO  org.apache.catalina.core.StandardService[173] - Starting service [Tomcat]
2019-01-04 10:47:26,891 [2711] [main] INFO  org.apache.catalina.core.StandardEngine[173] - Starting Servlet Engine: Apache Tomcat/9.0.13
2019-01-04 10:47:26,901 [2721] [main] INFO  org.apache.catalina.core.AprLifecycleListener[173] - The APR based Apache Tomcat Native library which allows optimal performance in production environments was not found on the java.library.path: [C:\Program Files\Java\jdk1.8.0_172\bin;C:\WINDOWS\Sun\Java\bin;C:\WINDOWS\system32;C:\WINDOWS;C:\Program Files (x86)\Common Files\Oracle\Java\javapath;C:\Program Files (x86)\Intel\iCLS Client\;C:\Program Files\Intel\iCLS Client\;C:\WINDOWS\system32;C:\WINDOWS;C:\WINDOWS\System32\Wbem;C:\WINDOWS\System32\WindowsPowerShell\v1.0\;C:\Program Files (x86)\Intel\Intel(R) Management Engine Components\DAL;C:\Program Files\Intel\Intel(R) Management Engine Components\DAL;C:\Program Files (x86)\Intel\Intel(R) Management Engine Components\IPT;C:\Program Files\Intel\Intel(R) Management Engine Components\IPT;E:\Git\cmd;D:\maven\apache-maven-3.5.3\bin;C:\WINDOWS\System32\OpenSSH\;C:\Program Files\Intel\WiFi\bin\;C:\Program Files\Common Files\Intel\WirelessCommon\;D:\zookeeper\bin;D:\kafka\bin\windows;C:/Program Files/Java/jdk1.8.0_172\bin;C:/Program Files/Java/jdk1.8.0_172\jre\bin;E:\jenkins\jenkinshome\bin;D:\cmder;D:\gradle\bin;D:\nexus\nexus-3.12.1-01\bin;C:\Program Files\MySQL\MySQL Server 8.0\bin;D:\python\Scripts\;D:\python\;C:\Program Files\Intel\WiFi\bin\;C:\Program Files\Common Files\Intel\WirelessCommon\;C:\Users\Lenovo\AppData\Local\Microsoft\WindowsApps;;D:\Fiddler;D:\VSCode\bin;.]
2019-01-04 10:47:27,023 [2843] [main] INFO  org.apache.catalina.core.ContainerBase.[Tomcat].[localhost].[/][173] - Initializing Spring embedded WebApplicationContext
2019-01-04 10:47:27,024 [2844] [main] INFO  org.springframework.web.context.ContextLoader[296] - Root WebApplicationContext: initialization completed in 1841 ms
2019-01-04 10:47:27,407 [3227] [main] INFO  org.springframework.scheduling.concurrent.ThreadPoolTaskExecutor[171] - Initializing ExecutorService 'applicationTaskExecutor'
2019-01-04 10:47:27,628 [3448] [main] INFO  org.apache.coyote.http11.Http11NioProtocol[173] - Starting ProtocolHandler ["http-nio-8080"]
2019-01-04 10:47:27,641 [3461] [main] INFO  org.apache.tomcat.util.net.NioSelectorPool[173] - Using a shared selector for servlet write/read
2019-01-04 10:47:27,730 [3550] [main] INFO  org.springframework.boot.web.embedded.tomcat.TomcatWebServer[204] - Tomcat started on port(s): 8080 (http) with context path ''
2019-01-04 10:47:27,735 [3555] [main] INFO  com.hjzgg.example.springboot.SpringbootApplication[59] - Started SpringbootApplication in 3.133 seconds (JVM running for 4.858)
2019-01-04 11:06:10,922 [1026449] [main] INFO  com.hjzgg.example.springboot.SpringbootApplication[50] - Starting SpringbootApplication on hujunzheng with PID 28588 (E:\study\springboot\target\classes started by hujunzheng in E:\study\springboot)
2019-01-04 11:06:10,929 [1026456] [main] INFO  com.hjzgg.example.springboot.SpringbootApplication[675] - No active profile set, falling back to default profiles: default
2019-01-04 11:06:12,280 [1027807] [main] INFO  org.springframework.boot.web.embedded.tomcat.TomcatWebServer[90] - Tomcat initialized with port(s): 8080 (http)
2019-01-04 11:06:12,295 [1027822] [main] INFO  org.apache.coyote.http11.Http11NioProtocol[173] - Initializing ProtocolHandler ["http-nio-8080"]
2019-01-04 11:06:12,305 [1027832] [main] INFO  org.apache.catalina.core.StandardService[173] - Starting service [Tomcat]
2019-01-04 11:06:12,305 [1027832] [main] INFO  org.apache.catalina.core.StandardEngine[173] - Starting Servlet Engine: Apache Tomcat/9.0.13
2019-01-04 11:06:12,312 [1027839] [main] INFO  org.apache.catalina.core.AprLifecycleListener[173] - The APR based Apache Tomcat Native library which allows optimal performance in production environments was not found on the java.library.path: [C:\Program Files\Java\jdk1.8.0_172\bin;C:\WINDOWS\Sun\Java\bin;C:\WINDOWS\system32;C:\WINDOWS;C:\Program Files (x86)\Common Files\Oracle\Java\javapath;C:\Program Files (x86)\Intel\iCLS Client\;C:\Program Files\Intel\iCLS Client\;C:\WINDOWS\system32;C:\WINDOWS;C:\WINDOWS\System32\Wbem;C:\WINDOWS\System32\WindowsPowerShell\v1.0\;C:\Program Files (x86)\Intel\Intel(R) Management Engine Components\DAL;C:\Program Files\Intel\Intel(R) Management Engine Components\DAL;C:\Program Files (x86)\Intel\Intel(R) Management Engine Components\IPT;C:\Program Files\Intel\Intel(R) Management Engine Components\IPT;E:\Git\cmd;D:\maven\apache-maven-3.5.3\bin;C:\WINDOWS\System32\OpenSSH\;C:\Program Files\Intel\WiFi\bin\;C:\Program Files\Common Files\Intel\WirelessCommon\;D:\zookeeper\bin;D:\kafka\bin\windows;C:/Program Files/Java/jdk1.8.0_172\bin;C:/Program Files/Java/jdk1.8.0_172\jre\bin;E:\jenkins\jenkinshome\bin;D:\cmder;D:\gradle\bin;D:\nexus\nexus-3.12.1-01\bin;C:\Program Files\MySQL\MySQL Server 8.0\bin;D:\python\Scripts\;D:\python\;C:\Program Files\Intel\WiFi\bin\;C:\Program Files\Common Files\Intel\WirelessCommon\;C:\Users\Lenovo\AppData\Local\Microsoft\WindowsApps;;D:\Fiddler;D:\VSCode\bin;.]
2019-01-04 11:06:12,423 [1027950] [main] INFO  org.apache.catalina.core.ContainerBase.[Tomcat].[localhost].[/][173] - Initializing Spring embedded WebApplicationContext
2019-01-04 11:06:12,423 [1027950] [main] INFO  org.springframework.web.context.ContextLoader[296] - Root WebApplicationContext: initialization completed in 1431 ms
2019-01-04 11:06:12,787 [1028314] [main] INFO  org.springframework.scheduling.concurrent.ThreadPoolTaskExecutor[171] - Initializing ExecutorService 'applicationTaskExecutor'
2019-01-04 11:06:13,003 [1028530] [main] INFO  org.apache.coyote.http11.Http11NioProtocol[173] - Starting ProtocolHandler ["http-nio-8080"]
2019-01-04 11:06:13,080 [1028607] [main] INFO  org.apache.tomcat.util.net.NioSelectorPool[173] - Using a shared selector for servlet write/read
2019-01-04 11:06:13,103 [1028630] [main] INFO  org.springframework.boot.web.embedded.tomcat.TomcatWebServer[204] - Tomcat started on port(s): 8080 (http) with context path ''
2019-01-04 11:06:13,107 [1028634] [main] INFO  com.hjzgg.example.springboot.SpringbootApplication[59] - Started SpringbootApplication in 1028.299 seconds (JVM running for 1029.725)
2019-01-04 11:23:54,696 [2090223] [http-nio-8080-exec-3] INFO  org.apache.catalina.core.ContainerBase.[Tomcat].[localhost].[/][173] - Initializing Spring DispatcherServlet 'dispatcherServlet'
2019-01-04 11:23:54,697 [2090224] [http-nio-8080-exec-3] INFO  org.springframework.web.servlet.DispatcherServlet[524] - Initializing Servlet 'dispatcherServlet'
2019-01-04 11:23:54,709 [2090236] [http-nio-8080-exec-3] INFO  org.springframework.web.servlet.DispatcherServlet[546] - Completed initialization in 11 ms
2019-01-04 11:24:04,884 [2100411] [http-nio-8080-exec-3] INFO  com.hjzgg.example.springboot.inputstream.RequestCachingFilter[72] - Request-Info: {
	"headers":{
		"postman-token":"4a53fc9a-8b0e-48a2-84a1-fcc101b2810e",
		"host":"localhost:8080",
		"connection":"keep-alive",
		"cache-control":"no-cache",
		"accept-encoding":"gzip, deflate",
		"user-agent":"PostmanRuntime/7.4.0",
		"accept":"*/*"
	},
	"remote-host":"0:0:0:0:0:0:0:1",
	"method":"GET",
	"body":"",
	"uri":"/async/test1",
	"url":"http://localhost:8080/async/test1",
	"servlet-path":"/async/test1",
	"remote-addr":"0:0:0:0:0:0:0:1",
	"context-path":"",
	"remote-port":53934,
	"parameters":{}
}
2019-01-04 11:26:04,974 [9713] [main] INFO  com.hjzgg.example.springboot.SpringbootApplication[50] - Starting SpringbootApplication on hujunzheng with PID 8540 (E:\study\springboot\target\classes started by hujunzheng in E:\study\springboot)
2019-01-04 11:26:04,983 [9722] [main] INFO  com.hjzgg.example.springboot.SpringbootApplication[675] - No active profile set, falling back to default profiles: default
2019-01-04 11:26:06,315 [11054] [main] INFO  org.springframework.boot.web.embedded.tomcat.TomcatWebServer[90] - Tomcat initialized with port(s): 8080 (http)
2019-01-04 11:26:06,332 [11071] [main] INFO  org.apache.coyote.http11.Http11NioProtocol[173] - Initializing ProtocolHandler ["http-nio-8080"]
2019-01-04 11:26:06,344 [11083] [main] INFO  org.apache.catalina.core.StandardService[173] - Starting service [Tomcat]
2019-01-04 11:26:06,345 [11084] [main] INFO  org.apache.catalina.core.StandardEngine[173] - Starting Servlet Engine: Apache Tomcat/9.0.13
2019-01-04 11:26:06,360 [11099] [main] INFO  org.apache.catalina.core.AprLifecycleListener[173] - The APR based Apache Tomcat Native library which allows optimal performance in production environments was not found on the java.library.path: [C:\Program Files\Java\jdk1.8.0_172\bin;C:\WINDOWS\Sun\Java\bin;C:\WINDOWS\system32;C:\WINDOWS;C:\Program Files (x86)\Common Files\Oracle\Java\javapath;C:\Program Files (x86)\Intel\iCLS Client\;C:\Program Files\Intel\iCLS Client\;C:\WINDOWS\system32;C:\WINDOWS;C:\WINDOWS\System32\Wbem;C:\WINDOWS\System32\WindowsPowerShell\v1.0\;C:\Program Files (x86)\Intel\Intel(R) Management Engine Components\DAL;C:\Program Files\Intel\Intel(R) Management Engine Components\DAL;C:\Program Files (x86)\Intel\Intel(R) Management Engine Components\IPT;C:\Program Files\Intel\Intel(R) Management Engine Components\IPT;E:\Git\cmd;D:\maven\apache-maven-3.5.3\bin;C:\WINDOWS\System32\OpenSSH\;C:\Program Files\Intel\WiFi\bin\;C:\Program Files\Common Files\Intel\WirelessCommon\;D:\zookeeper\bin;D:\kafka\bin\windows;C:/Program Files/Java/jdk1.8.0_172\bin;C:/Program Files/Java/jdk1.8.0_172\jre\bin;E:\jenkins\jenkinshome\bin;D:\cmder;D:\gradle\bin;D:\nexus\nexus-3.12.1-01\bin;C:\Program Files\MySQL\MySQL Server 8.0\bin;D:\python\Scripts\;D:\python\;C:\Program Files\Intel\WiFi\bin\;C:\Program Files\Common Files\Intel\WirelessCommon\;C:\Users\Lenovo\AppData\Local\Microsoft\WindowsApps;;D:\Fiddler;D:\VSCode\bin;.]
2019-01-04 11:26:06,486 [11225] [main] INFO  org.apache.catalina.core.ContainerBase.[Tomcat].[localhost].[/][173] - Initializing Spring embedded WebApplicationContext
2019-01-04 11:26:06,486 [11225] [main] INFO  org.springframework.web.context.ContextLoader[296] - Root WebApplicationContext: initialization completed in 1456 ms
2019-01-04 11:26:07,165 [11904] [main] INFO  org.springframework.scheduling.concurrent.ThreadPoolTaskExecutor[171] - Initializing ExecutorService 'applicationTaskExecutor'
2019-01-04 11:26:07,403 [12142] [main] INFO  org.apache.coyote.http11.Http11NioProtocol[173] - Starting ProtocolHandler ["http-nio-8080"]
2019-01-04 11:26:07,482 [12221] [main] INFO  org.apache.tomcat.util.net.NioSelectorPool[173] - Using a shared selector for servlet write/read
2019-01-04 11:26:07,501 [12240] [main] INFO  org.springframework.boot.web.embedded.tomcat.TomcatWebServer[204] - Tomcat started on port(s): 8080 (http) with context path ''
2019-01-04 11:26:07,505 [12244] [main] INFO  com.hjzgg.example.springboot.SpringbootApplication[59] - Started SpringbootApplication in 11.935 seconds (JVM running for 13.317)
2019-01-04 11:26:18,988 [23727] [http-nio-8080-exec-2] INFO  org.apache.catalina.core.ContainerBase.[Tomcat].[localhost].[/][173] - Initializing Spring DispatcherServlet 'dispatcherServlet'
2019-01-04 11:26:18,993 [23732] [http-nio-8080-exec-2] INFO  org.springframework.web.servlet.DispatcherServlet[524] - Initializing Servlet 'dispatcherServlet'
2019-01-04 11:26:19,003 [23742] [http-nio-8080-exec-2] INFO  org.springframework.web.servlet.DispatcherServlet[546] - Completed initialization in 10 ms
2019-01-04 11:26:29,165 [33904] [http-nio-8080-exec-2] INFO  com.hjzgg.example.springboot.inputstream.RequestCachingFilter[72] - Request-Info: {
	"headers":{
		"postman-token":"238298ec-9632-401b-a7e8-b151e9a49020",
		"host":"localhost:8080",
		"connection":"keep-alive",
		"cache-control":"no-cache",
		"accept-encoding":"gzip, deflate",
		"user-agent":"PostmanRuntime/7.4.0",
		"accept":"*/*"
	},
	"remote-host":"0:0:0:0:0:0:0:1",
	"method":"GET",
	"body":"",
	"uri":"/async/test1",
	"url":"http://localhost:8080/async/test1",
	"servlet-path":"/async/test1",
	"remote-addr":"0:0:0:0:0:0:0:1",
	"context-path":"",
	"remote-port":54178,
	"parameters":{}
}
2019-01-04 11:28:39,023 [1017] [main] INFO  com.hjzgg.example.springboot.SpringbootApplication[50] - Starting SpringbootApplication on hujunzheng with PID 10612 (E:\study\springboot\target\classes started by hujunzheng in E:\study\springboot)
2019-01-04 11:28:39,055 [1049] [main] INFO  com.hjzgg.example.springboot.SpringbootApplication[675] - No active profile set, falling back to default profiles: default
2019-01-04 11:28:40,672 [2666] [main] INFO  org.springframework.boot.web.embedded.tomcat.TomcatWebServer[90] - Tomcat initialized with port(s): 8080 (http)
2019-01-04 11:28:40,686 [2680] [main] INFO  org.apache.coyote.http11.Http11NioProtocol[173] - Initializing ProtocolHandler ["http-nio-8080"]
2019-01-04 11:28:40,700 [2694] [main] INFO  org.apache.catalina.core.StandardService[173] - Starting service [Tomcat]
2019-01-04 11:28:40,700 [2694] [main] INFO  org.apache.catalina.core.StandardEngine[173] - Starting Servlet Engine: Apache Tomcat/9.0.13
2019-01-04 11:28:40,708 [2702] [main] INFO  org.apache.catalina.core.AprLifecycleListener[173] - The APR based Apache Tomcat Native library which allows optimal performance in production environments was not found on the java.library.path: [C:\Program Files\Java\jdk1.8.0_172\bin;C:\WINDOWS\Sun\Java\bin;C:\WINDOWS\system32;C:\WINDOWS;C:\Program Files (x86)\Common Files\Oracle\Java\javapath;C:\Program Files (x86)\Intel\iCLS Client\;C:\Program Files\Intel\iCLS Client\;C:\WINDOWS\system32;C:\WINDOWS;C:\WINDOWS\System32\Wbem;C:\WINDOWS\System32\WindowsPowerShell\v1.0\;C:\Program Files (x86)\Intel\Intel(R) Management Engine Components\DAL;C:\Program Files\Intel\Intel(R) Management Engine Components\DAL;C:\Program Files (x86)\Intel\Intel(R) Management Engine Components\IPT;C:\Program Files\Intel\Intel(R) Management Engine Components\IPT;E:\Git\cmd;D:\maven\apache-maven-3.5.3\bin;C:\WINDOWS\System32\OpenSSH\;C:\Program Files\Intel\WiFi\bin\;C:\Program Files\Common Files\Intel\WirelessCommon\;D:\zookeeper\bin;D:\kafka\bin\windows;C:/Program Files/Java/jdk1.8.0_172\bin;C:/Program Files/Java/jdk1.8.0_172\jre\bin;E:\jenkins\jenkinshome\bin;D:\cmder;D:\gradle\bin;D:\nexus\nexus-3.12.1-01\bin;C:\Program Files\MySQL\MySQL Server 8.0\bin;D:\python\Scripts\;D:\python\;C:\Program Files\Intel\WiFi\bin\;C:\Program Files\Common Files\Intel\WirelessCommon\;C:\Users\Lenovo\AppData\Local\Microsoft\WindowsApps;;D:\Fiddler;D:\VSCode\bin;.]
2019-01-04 11:28:40,829 [2823] [main] INFO  org.apache.catalina.core.ContainerBase.[Tomcat].[localhost].[/][173] - Initializing Spring embedded WebApplicationContext
2019-01-04 11:28:40,829 [2823] [main] INFO  org.springframework.web.context.ContextLoader[296] - Root WebApplicationContext: initialization completed in 1675 ms
2019-01-04 11:28:41,205 [3199] [main] INFO  org.springframework.scheduling.concurrent.ThreadPoolTaskExecutor[171] - Initializing ExecutorService 'applicationTaskExecutor'
2019-01-04 11:28:41,414 [3408] [main] INFO  org.apache.coyote.http11.Http11NioProtocol[173] - Starting ProtocolHandler ["http-nio-8080"]
2019-01-04 11:28:41,499 [3493] [main] INFO  org.apache.tomcat.util.net.NioSelectorPool[173] - Using a shared selector for servlet write/read
2019-01-04 11:28:41,521 [3515] [main] INFO  org.springframework.boot.web.embedded.tomcat.TomcatWebServer[204] - Tomcat started on port(s): 8080 (http) with context path ''
2019-01-04 11:28:41,528 [3522] [main] INFO  com.hjzgg.example.springboot.SpringbootApplication[59] - Started SpringbootApplication in 3.195 seconds (JVM running for 4.638)
2019-01-04 11:28:48,003 [9997] [http-nio-8080-exec-1] INFO  org.apache.catalina.core.ContainerBase.[Tomcat].[localhost].[/][173] - Initializing Spring DispatcherServlet 'dispatcherServlet'
2019-01-04 11:28:48,005 [9999] [http-nio-8080-exec-1] INFO  org.springframework.web.servlet.DispatcherServlet[524] - Initializing Servlet 'dispatcherServlet'
2019-01-04 11:28:48,015 [10009] [http-nio-8080-exec-1] INFO  org.springframework.web.servlet.DispatcherServlet[546] - Completed initialization in 10 ms
2019-01-04 11:28:48,081 [10075] [http-nio-8080-exec-1] INFO  com.hjzgg.example.springboot.controller.AsyncController[43] - 开始执行业务逻辑...
2019-01-04 11:28:53,085 [15079] [http-nio-8080-exec-1] INFO  com.hjzgg.example.springboot.controller.AsyncController[54] - 结束执行业务逻辑...
2019-01-04 11:28:53,176 [15170] [http-nio-8080-exec-1] INFO  com.hjzgg.example.springboot.inputstream.RequestCachingFilter[72] - Request-Info: {
	"headers":{
		"postman-token":"13fb2f1d-ca0f-4bc1-9818-103b9200eef8",
		"host":"localhost:8080",
		"connection":"keep-alive",
		"cache-control":"no-cache",
		"accept-encoding":"gzip, deflate",
		"user-agent":"PostmanRuntime/7.4.0",
		"accept":"*/*"
	},
	"remote-host":"0:0:0:0:0:0:0:1",
	"method":"GET",
	"body":"",
	"uri":"/async/test1",
	"url":"http://localhost:8080/async/test1",
	"servlet-path":"/async/test1",
	"remote-addr":"0:0:0:0:0:0:0:1",
	"context-path":"",
	"remote-port":54434,
	"parameters":{}
}
2019-01-04 11:29:07,657 [29651] [http-nio-8080-exec-3] INFO  com.hjzgg.example.springboot.inputstream.RequestCachingFilter[72] - Request-Info: {
	"headers":{
		"postman-token":"f4402e62-86d9-405a-b4ca-6aa8decd9f6f",
		"host":"localhost:8080",
		"connection":"keep-alive",
		"cache-control":"no-cache",
		"accept-encoding":"gzip, deflate",
		"user-agent":"PostmanRuntime/7.4.0",
		"accept":"*/*"
	},
	"remote-host":"0:0:0:0:0:0:0:1",
	"method":"GET",
	"body":"",
	"uri":"/async/test2",
	"url":"http://localhost:8080/async/test2",
	"servlet-path":"/async/test2",
	"remote-addr":"0:0:0:0:0:0:0:1",
	"context-path":"",
	"remote-port":54434,
	"parameters":{}
}
2019-01-04 11:29:07,666 [29660] [task-1] INFO  com.hjzgg.example.springboot.controller.AsyncController[43] - 开始执行业务逻辑...
2019-01-04 11:29:12,668 [34662] [task-1] INFO  com.hjzgg.example.springboot.controller.AsyncController[54] - 结束执行业务逻辑...
2019-01-04 11:29:20,547 [42541] [http-nio-8080-exec-5] INFO  com.hjzgg.example.springboot.inputstream.RequestCachingFilter[72] - Request-Info: {
	"headers":{
		"postman-token":"c25befa5-8c41-4f1d-83cd-15c69b1c9339",
		"host":"localhost:8080",
		"connection":"keep-alive",
		"cache-control":"no-cache",
		"accept-encoding":"gzip, deflate",
		"user-agent":"PostmanRuntime/7.4.0",
		"accept":"*/*"
	},
	"remote-host":"0:0:0:0:0:0:0:1",
	"method":"GET",
	"body":"",
	"uri":"/async/test2",
	"url":"http://localhost:8080/async/test2",
	"servlet-path":"/async/test2",
	"remote-addr":"0:0:0:0:0:0:0:1",
	"context-path":"",
	"remote-port":54434,
	"parameters":{}
}
2019-01-04 11:29:20,549 [42543] [task-2] INFO  com.hjzgg.example.springboot.controller.AsyncController[43] - 开始执行业务逻辑...
2019-01-04 11:29:25,552 [47546] [task-2] INFO  com.hjzgg.example.springboot.controller.AsyncController[54] - 结束执行业务逻辑...
2019-01-04 12:22:20,151 [3222145] [http-nio-8080-exec-9] INFO  com.hjzgg.example.springboot.inputstream.RequestCachingFilter[72] - Request-Info: {
	"headers":{
		"postman-token":"85b000b5-7d5b-487b-9b26-531c65f853ff",
		"host":"localhost:8080",
		"connection":"keep-alive",
		"cache-control":"no-cache",
		"accept-encoding":"gzip, deflate",
		"user-agent":"PostmanRuntime/7.4.0",
		"accept":"*/*"
	},
	"remote-host":"0:0:0:0:0:0:0:1",
	"method":"GET",
	"body":"",
	"uri":"/async/test2",
	"url":"http://localhost:8080/async/test2",
	"servlet-path":"/async/test2",
	"remote-addr":"0:0:0:0:0:0:0:1",
	"context-path":"",
	"remote-port":54610,
	"parameters":{}
}
2019-01-04 12:22:20,153 [3222147] [task-3] INFO  com.hjzgg.example.springboot.controller.AsyncController[43] - 开始执行业务逻辑...
2019-01-04 12:22:25,161 [3227155] [task-3] INFO  com.hjzgg.example.springboot.controller.AsyncController[54] - 结束执行业务逻辑...
2019-01-04 12:26:09,057 [3451051] [http-nio-8080-exec-3] INFO  com.hjzgg.example.springboot.inputstream.RequestCachingFilter[72] - Request-Info: {
	"headers":{
		"postman-token":"d83b988c-e952-4a02-afb4-447b77b6a8cb",
		"host":"localhost:8080",
		"connection":"keep-alive",
		"cache-control":"no-cache",
		"accept-encoding":"gzip, deflate",
		"user-agent":"PostmanRuntime/7.4.0",
		"accept":"*/*"
	},
	"remote-host":"0:0:0:0:0:0:0:1",
	"method":"GET",
	"body":"",
	"uri":"/async/test2",
	"url":"http://localhost:8080/async/test2",
	"servlet-path":"/async/test2",
	"remote-addr":"0:0:0:0:0:0:0:1",
	"context-path":"",
	"remote-port":59887,
	"parameters":{}
}
2019-01-04 12:26:09,063 [3451057] [task-4] INFO  com.hjzgg.example.springboot.controller.AsyncController[43] - 开始执行业务逻辑...
2019-01-04 12:26:14,065 [3456059] [task-4] INFO  com.hjzgg.example.springboot.controller.AsyncController[54] - 结束执行业务逻辑...
2019-01-04 12:34:33,337 [3955331] [http-nio-8080-exec-5] INFO  com.hjzgg.example.springboot.inputstream.RequestCachingFilter[72] - Request-Info: {
	"headers":{
		"postman-token":"23b3e4ba-7e9c-4a5f-b7aa-921c9390900a",
		"host":"localhost:8080",
		"connection":"keep-alive",
		"cache-control":"no-cache",
		"accept-encoding":"gzip, deflate",
		"user-agent":"PostmanRuntime/7.4.0",
		"accept":"*/*"
	},
	"remote-host":"0:0:0:0:0:0:0:1",
	"method":"GET",
	"body":"",
	"uri":"/async/test2",
	"url":"http://localhost:8080/async/test2",
	"servlet-path":"/async/test2",
	"remote-addr":"0:0:0:0:0:0:0:1",
	"context-path":"",
	"remote-port":59887,
	"parameters":{}
}
2019-01-04 12:34:33,339 [3955333] [task-5] INFO  com.hjzgg.example.springboot.controller.AsyncController[43] - 开始执行业务逻辑...
2019-01-04 12:34:38,341 [3960335] [task-5] INFO  com.hjzgg.example.springboot.controller.AsyncController[54] - 结束执行业务逻辑...
2019-01-04 12:36:45,049 [4087043] [task-6] INFO  com.hjzgg.example.springboot.controller.AsyncController[43] - 开始执行业务逻辑...
2019-01-04 12:36:45,049 [4087043] [http-nio-8080-exec-7] INFO  com.hjzgg.example.springboot.inputstream.RequestCachingFilter[72] - Request-Info: {
	"headers":{
		"postman-token":"558937f1-d701-493d-8a58-5d44ea88ad90",
		"host":"localhost:8080",
		"connection":"keep-alive",
		"cache-control":"no-cache",
		"accept-encoding":"gzip, deflate",
		"user-agent":"PostmanRuntime/7.4.0",
		"accept":"*/*"
	},
	"remote-host":"0:0:0:0:0:0:0:1",
	"method":"GET",
	"body":"",
	"uri":"/async/test2",
	"url":"http://localhost:8080/async/test2",
	"servlet-path":"/async/test2",
	"remote-addr":"0:0:0:0:0:0:0:1",
	"context-path":"",
	"remote-port":59887,
	"parameters":{}
}
2019-01-04 12:36:50,051 [4092045] [task-6] INFO  com.hjzgg.example.springboot.controller.AsyncController[54] - 结束执行业务逻辑...
2019-01-04 12:39:17,422 [4239416] [task-7] INFO  com.hjzgg.example.springboot.controller.AsyncController[43] - 开始执行业务逻辑...
2019-01-04 12:39:17,422 [4239416] [http-nio-8080-exec-9] INFO  com.hjzgg.example.springboot.inputstream.RequestCachingFilter[72] - Request-Info: {
	"headers":{
		"postman-token":"517802b3-671a-46a1-9387-1fe07319a899",
		"host":"localhost:8080",
		"connection":"keep-alive",
		"cache-control":"no-cache",
		"accept-encoding":"gzip, deflate",
		"user-agent":"PostmanRuntime/7.4.0",
		"accept":"*/*"
	},
	"remote-host":"0:0:0:0:0:0:0:1",
	"method":"GET",
	"body":"",
	"uri":"/async/test2",
	"url":"http://localhost:8080/async/test2",
	"servlet-path":"/async/test2",
	"remote-addr":"0:0:0:0:0:0:0:1",
	"context-path":"",
	"remote-port":59887,
	"parameters":{}
}
2019-01-04 12:39:22,426 [4244420] [task-7] INFO  com.hjzgg.example.springboot.controller.AsyncController[54] - 结束执行业务逻辑...
2019-01-04 12:42:34,797 [4436791] [task-8] INFO  com.hjzgg.example.springboot.controller.AsyncController[43] - 开始执行业务逻辑...
2019-01-04 12:42:34,797 [4436791] [http-nio-8080-exec-2] INFO  com.hjzgg.example.springboot.inputstream.RequestCachingFilter[72] - Request-Info: {
	"headers":{
		"postman-token":"892a9267-e706-42c8-b138-1258c464f535",
		"host":"localhost:8080",
		"connection":"keep-alive",
		"cache-control":"no-cache",
		"accept-encoding":"gzip, deflate",
		"user-agent":"PostmanRuntime/7.4.0",
		"accept":"*/*"
	},
	"remote-host":"0:0:0:0:0:0:0:1",
	"method":"GET",
	"body":"",
	"uri":"/async/test2",
	"url":"http://localhost:8080/async/test2",
	"servlet-path":"/async/test2",
	"remote-addr":"0:0:0:0:0:0:0:1",
	"context-path":"",
	"remote-port":59887,
	"parameters":{}
}
2019-01-04 12:42:39,801 [4441795] [task-8] INFO  com.hjzgg.example.springboot.controller.AsyncController[54] - 结束执行业务逻辑...
2019-01-04 17:34:49,012 [731] [main] INFO  com.hjzgg.example.springboot.SpringbootApplication[50] - Starting SpringbootApplication on hujunzheng with PID 19780 (E:\study\springboot\target\classes started by hujunzheng in E:\study\springboot)
2019-01-04 17:34:49,016 [735] [main] INFO  com.hjzgg.example.springboot.SpringbootApplication[675] - No active profile set, falling back to default profiles: default
2019-01-04 17:34:50,927 [2646] [main] INFO  org.springframework.boot.web.embedded.tomcat.TomcatWebServer[90] - Tomcat initialized with port(s): 8080 (http)
2019-01-04 17:34:50,940 [2659] [main] INFO  org.apache.coyote.http11.Http11NioProtocol[173] - Initializing ProtocolHandler ["http-nio-8080"]
2019-01-04 17:34:50,947 [2666] [main] INFO  org.apache.catalina.core.StandardService[173] - Starting service [Tomcat]
2019-01-04 17:34:50,948 [2667] [main] INFO  org.apache.catalina.core.StandardEngine[173] - Starting Servlet Engine: Apache Tomcat/9.0.13
2019-01-04 17:34:50,954 [2673] [main] INFO  org.apache.catalina.core.AprLifecycleListener[173] - The APR based Apache Tomcat Native library which allows optimal performance in production environments was not found on the java.library.path: [C:\Program Files\Java\jdk1.8.0_172\bin;C:\WINDOWS\Sun\Java\bin;C:\WINDOWS\system32;C:\WINDOWS;C:\Program Files (x86)\Common Files\Oracle\Java\javapath;C:\Program Files (x86)\Intel\iCLS Client\;C:\Program Files\Intel\iCLS Client\;C:\WINDOWS\system32;C:\WINDOWS;C:\WINDOWS\System32\Wbem;C:\WINDOWS\System32\WindowsPowerShell\v1.0\;C:\Program Files (x86)\Intel\Intel(R) Management Engine Components\DAL;C:\Program Files\Intel\Intel(R) Management Engine Components\DAL;C:\Program Files (x86)\Intel\Intel(R) Management Engine Components\IPT;C:\Program Files\Intel\Intel(R) Management Engine Components\IPT;E:\Git\cmd;D:\maven\apache-maven-3.5.3\bin;C:\WINDOWS\System32\OpenSSH\;C:\Program Files\Intel\WiFi\bin\;C:\Program Files\Common Files\Intel\WirelessCommon\;D:\zookeeper\bin;D:\kafka\bin\windows;C:/Program Files/Java/jdk1.8.0_172\bin;C:/Program Files/Java/jdk1.8.0_172\jre\bin;E:\jenkins\jenkinshome\bin;D:\cmder;D:\gradle\bin;D:\nexus\nexus-3.12.1-01\bin;C:\Program Files\MySQL\MySQL Server 8.0\bin;D:\python\Scripts\;D:\python\;C:\Program Files\Intel\WiFi\bin\;C:\Program Files\Common Files\Intel\WirelessCommon\;C:\Users\Lenovo\AppData\Local\Microsoft\WindowsApps;;D:\Fiddler;D:\VSCode\bin;.]
2019-01-04 17:34:51,048 [2767] [main] INFO  org.apache.catalina.core.ContainerBase.[Tomcat].[localhost].[/][173] - Initializing Spring embedded WebApplicationContext
2019-01-04 17:34:51,048 [2767] [main] INFO  org.springframework.web.context.ContextLoader[296] - Root WebApplicationContext: initialization completed in 1990 ms
2019-01-04 17:34:51,369 [3088] [main] INFO  org.springframework.scheduling.concurrent.ThreadPoolTaskExecutor[171] - Initializing ExecutorService 'applicationTaskExecutor'
2019-01-04 17:34:51,558 [3277] [main] INFO  org.apache.coyote.http11.Http11NioProtocol[173] - Starting ProtocolHandler ["http-nio-8080"]
2019-01-04 17:34:51,569 [3288] [main] INFO  org.apache.tomcat.util.net.NioSelectorPool[173] - Using a shared selector for servlet write/read
2019-01-04 17:34:51,588 [3307] [main] INFO  org.springframework.boot.web.embedded.tomcat.TomcatWebServer[204] - Tomcat started on port(s): 8080 (http) with context path ''
2019-01-04 17:34:51,591 [3310] [main] INFO  com.hjzgg.example.springboot.SpringbootApplication[59] - Started SpringbootApplication in 3.048 seconds (JVM running for 4.143)
